# JRE version: OpenJDK Runtime Environment (8.0_152) (build 1.8.0_152-release-1343-b16-5323222)
# Java VM: OpenJDK 64-Bit Server VM (25.152-b16-5323222 mixed mode linux-amd64 compressed oops)
Heap:
 PSYoungGen      total 430080K, used 3870K [0x00000000e0000000, 0x00000000fb880000, 0x0000000100000000)
  eden space 409088K, 0% used [0x00000000e0000000,0x00000000e0000000,0x00000000f8f80000)
  from space 20992K, 18% used [0x00000000f8f80000,0x00000000f9347ab0,0x00000000fa400000)
  to   space 18432K, 0% used [0x00000000fa680000,0x00000000fa680000,0x00000000fb880000)
 ParOldGen       total 105472K, used 93795K [0x00000000a0000000, 0x00000000a6700000, 0x00000000e0000000)
  object space 105472K, 88% used [0x00000000a0000000,0x00000000a5b98e10,0x00000000a6700000)
 Metaspace       used 100032K, capacity 103984K, committed 104152K, reserved 1140736K
  class space    used 12507K, capacity 13237K, committed 13272K, reserved 1048576K
GC Heap History (10 events):
Event: 383,987 GC heap after
Heap after GC invocations=46 (full 4):
 PSYoungGen      total 344576K, used 5904K [0x00000000e0000000, 0x00000000f6800000, 0x0000000100000000)
  eden space 321536K, 0% used [0x00000000e0000000,0x00000000e0000000,0x00000000f3a00000)
  from space 23040K, 25% used [0x00000000f5180000,0x00000000f5744230,0x00000000f6800000)
  to   space 23552K, 0% used [0x00000000f3a00000,0x00000000f3a00000,0x00000000f5100000)
 ParOldGen       total 105472K, used 86878K [0x00000000a0000000, 0x00000000a6700000, 0x00000000e0000000)
  object space 105472K, 82% used [0x00000000a0000000,0x00000000a54d78a0,0x00000000a6700000)
 Metaspace       used 99864K, capacity 103844K, committed 103896K, reserved 1140736K
  class space    used 12504K, capacity 13235K, committed 13272K, reserved 1048576K
}
Event: 385,968 GC heap before
{Heap before GC invocations=47 (full 4):
 PSYoungGen      total 344576K, used 327440K [0x00000000e0000000, 0x00000000f6800000, 0x0000000100000000)
  eden space 321536K, 100% used [0x00000000e0000000,0x00000000f3a00000,0x00000000f3a00000)
  from space 23040K, 25% used [0x00000000f5180000,0x00000000f5744230,0x00000000f6800000)
  to   space 23552K, 0% used [0x00000000f3a00000,0x00000000f3a00000,0x00000000f5100000)
 ParOldGen       total 105472K, used 86878K [0x00000000a0000000, 0x00000000a6700000, 0x00000000e0000000)
  object space 105472K, 82% used [0x00000000a0000000,0x00000000a54d78a0,0x00000000a6700000)
 Metaspace       used 99908K, capacity 103914K, committed 104152K, reserved 1140736K
  class space    used 12505K, capacity 13236K, committed 13272K, reserved 1048576K
Event: 386,018 GC heap after
Heap after GC invocations=47 (full 4):
 PSYoungGen      total 345088K, used 12914K [0x00000000e0000000, 0x00000000f9080000, 0x0000000100000000)
  eden space 321536K, 0% used [0x00000000e0000000,0x00000000e0000000,0x00000000f3a00000)
  from space 23552K, 54% used [0x00000000f3a00000,0x00000000f469c8a0,0x00000000f5100000)
  to   space 23552K, 0% used [0x00000000f7980000,0x00000000f7980000,0x00000000f9080000)
 ParOldGen       total 105472K, used 86902K [0x00000000a0000000, 0x00000000a6700000, 0x00000000e0000000)
  object space 105472K, 82% used [0x00000000a0000000,0x00000000a54dd8a0,0x00000000a6700000)
 Metaspace       used 99908K, capacity 103914K, committed 104152K, reserved 1140736K
  class space    used 12505K, capacity 13236K, committed 13272K, reserved 1048576K
}
Event: 387,749 GC heap before
{Heap before GC invocations=48 (full 4):
 PSYoungGen      total 345088K, used 334450K [0x00000000e0000000, 0x00000000f9080000, 0x0000000100000000)
  eden space 321536K, 100% used [0x00000000e0000000,0x00000000f3a00000,0x00000000f3a00000)
  from space 23552K, 54% used [0x00000000f3a00000,0x00000000f469c8a0,0x00000000f5100000)
  to   space 23552K, 0% used [0x00000000f7980000,0x00000000f7980000,0x00000000f9080000)
 ParOldGen       total 105472K, used 86902K [0x00000000a0000000, 0x00000000a6700000, 0x00000000e0000000)
  object space 105472K, 82% used [0x00000000a0000000,0x00000000a54dd8a0,0x00000000a6700000)
 Metaspace       used 99926K, capacity 103914K, committed 104152K, reserved 1140736K
  class space    used 12506K, capacity 13236K, committed 13272K, reserved 1048576K
Event: 387,773 GC heap after
Heap after GC invocations=48 (full 4):
 PSYoungGen      total 382464K, used 9438K [0x00000000e0000000, 0x00000000f8d00000, 0x0000000100000000)
  eden space 362496K, 0% used [0x00000000e0000000,0x00000000e0000000,0x00000000f6200000)
  from space 19968K, 47% used [0x00000000f7980000,0x00000000f82b78a8,0x00000000f8d00000)
  to   space 22016K, 0% used [0x00000000f6200000,0x00000000f6200000,0x00000000f7780000)
 ParOldGen       total 105472K, used 86918K [0x00000000a0000000, 0x00000000a6700000, 0x00000000e0000000)
  object space 105472K, 82% used [0x00000000a0000000,0x00000000a54e18a0,0x00000000a6700000)
 Metaspace       used 99926K, capacity 103914K, committed 104152K, reserved 1140736K
  class space    used 12506K, capacity 13236K, committed 13272K, reserved 1048576K
}
Event: 389,337 GC heap before
{Heap before GC invocations=49 (full 4):
 PSYoungGen      total 382464K, used 371934K [0x00000000e0000000, 0x00000000f8d00000, 0x0000000100000000)
  eden space 362496K, 100% used [0x00000000e0000000,0x00000000f6200000,0x00000000f6200000)
  from space 19968K, 47% used [0x00000000f7980000,0x00000000f82b78a8,0x00000000f8d00000)
  to   space 22016K, 0% used [0x00000000f6200000,0x00000000f6200000,0x00000000f7780000)
 ParOldGen       total 105472K, used 86918K [0x00000000a0000000, 0x00000000a6700000, 0x00000000e0000000)
  object space 105472K, 82% used [0x00000000a0000000,0x00000000a54e18a0,0x00000000a6700000)
 Metaspace       used 99950K, capacity 103914K, committed 104152K, reserved 1140736K
  class space    used 12506K, capacity 13236K, committed 13272K, reserved 1048576K
Event: 389,376 GC heap after
Heap after GC invocations=49 (full 4):
 PSYoungGen      total 384512K, used 3815K [0x00000000e0000000, 0x00000000fbb80000, 0x0000000100000000)
  eden space 362496K, 0% used [0x00000000e0000000,0x00000000e0000000,0x00000000f6200000)
  from space 22016K, 17% used [0x00000000f6200000,0x00000000f65b9db0,0x00000000f7780000)
  to   space 21504K, 0% used [0x00000000fa680000,0x00000000fa680000,0x00000000fbb80000)
 ParOldGen       total 105472K, used 92038K [0x00000000a0000000, 0x00000000a6700000, 0x00000000e0000000)
  object space 105472K, 87% used [0x00000000a0000000,0x00000000a59e1a50,0x00000000a6700000)
 Metaspace       used 99950K, capacity 103914K, committed 104152K, reserved 1140736K
  class space    used 12506K, capacity 13236K, committed 13272K, reserved 1048576K
}
Event: 390,904 GC heap before
{Heap before GC invocations=50 (full 4):
 PSYoungGen      total 384512K, used 366311K [0x00000000e0000000, 0x00000000fbb80000, 0x0000000100000000)
  eden space 362496K, 100% used [0x00000000e0000000,0x00000000f6200000,0x00000000f6200000)
  from space 22016K, 17% used [0x00000000f6200000,0x00000000f65b9db0,0x00000000f7780000)
  to   space 21504K, 0% used [0x00000000fa680000,0x00000000fa680000,0x00000000fbb80000)
 ParOldGen       total 105472K, used 92038K [0x00000000a0000000, 0x00000000a6700000, 0x00000000e0000000)
  object space 105472K, 87% used [0x00000000a0000000,0x00000000a59e1a50,0x00000000a6700000)
 Metaspace       used 99983K, capacity 103982K, committed 104152K, reserved 1140736K
  class space    used 12506K, capacity 13236K, committed 13272K, reserved 1048576K
Event: 390,919 GC heap after
Heap after GC invocations=50 (full 4):
 PSYoungGen      total 427520K, used 4317K [0x00000000e0000000, 0x00000000fb880000, 0x0000000100000000)
  eden space 409088K, 0% used [0x00000000e0000000,0x00000000e0000000,0x00000000f8f80000)
  from space 18432K, 23% used [0x00000000fa680000,0x00000000faab74c8,0x00000000fb880000)
  to   space 20992K, 0% used [0x00000000f8f80000,0x00000000f8f80000,0x00000000fa400000)
 ParOldGen       total 105472K, used 92750K [0x00000000a0000000, 0x00000000a6700000, 0x00000000e0000000)
  object space 105472K, 87% used [0x00000000a0000000,0x00000000a5a93b08,0x00000000a6700000)
 Metaspace       used 99983K, capacity 103982K, committed 104152K, reserved 1140736K
  class space    used 12506K, capacity 13236K, committed 13272K, reserved 1048576K
}
Event: 392,655 GC heap before
{Heap before GC invocations=51 (full 4):
 PSYoungGen      total 427520K, used 413405K [0x00000000e0000000, 0x00000000fb880000, 0x0000000100000000)
  eden space 409088K, 100% used [0x00000000e0000000,0x00000000f8f80000,0x00000000f8f80000)
  from space 18432K, 23% used [0x00000000fa680000,0x00000000faab74c8,0x00000000fb880000)
  to   space 20992K, 0% used [0x00000000f8f80000,0x00000000f8f80000,0x00000000fa400000)
 ParOldGen       total 105472K, used 92750K [0x00000000a0000000, 0x00000000a6700000, 0x00000000e0000000)
  object space 105472K, 87% used [0x00000000a0000000,0x00000000a5a93b08,0x00000000a6700000)
 Metaspace       used 100032K, capacity 103984K, committed 104152K, reserved 1140736K
  class space    used 12507K, capacity 13237K, committed 13272K, reserved 1048576K

