# JRE version: OpenJDK Runtime Environment (8.0_152) (build 1.8.0_152-release-1343-b16-5323222)
# Java VM: OpenJDK 64-Bit Server VM (25.152-b16-5323222 mixed mode linux-amd64 compressed oops)
Heap:
 PSYoungGen      total 352768K, used 16462K [0x00000000e0000000, 0x00000000f6d00000, 0x0000000100000000)
  eden space 331776K, 0% used [0x00000000e0000000,0x00000000e0000000,0x00000000f4400000)
  from space 20992K, 78% used [0x00000000f4400000,0x00000000f5413ad8,0x00000000f5880000)
  to   space 19456K, 0% used [0x00000000f5a00000,0x00000000f5a00000,0x00000000f6d00000)
 ParOldGen       total 70144K, used 48650K [0x00000000a0000000, 0x00000000a4480000, 0x00000000e0000000)
  object space 70144K, 69% used [0x00000000a0000000,0x00000000a2f82990,0x00000000a4480000)
 Metaspace       used 88620K, capacity 92068K, committed 92200K, reserved 1128448K
  class space    used 11590K, capacity 12245K, committed 12336K, reserved 1048576K
GC Heap History (10 events):
Event: 27,943 GC heap after
Heap after GC invocations=15 (full 2):
 PSYoungGen      total 178176K, used 4113K [0x00000000e0000000, 0x00000000f0f80000, 0x0000000100000000)
  eden space 161792K, 0% used [0x00000000e0000000,0x00000000e0000000,0x00000000e9e00000)
  from space 16384K, 25% used [0x00000000e9e00000,0x00000000ea204688,0x00000000eae00000)
  to   space 15872K, 0% used [0x00000000f0000000,0x00000000f0000000,0x00000000f0f80000)
 ParOldGen       total 52736K, used 28878K [0x00000000a0000000, 0x00000000a3380000, 0x00000000e0000000)
  object space 52736K, 54% used [0x00000000a0000000,0x00000000a1c33870,0x00000000a3380000)
 Metaspace       used 57547K, capacity 59076K, committed 59160K, reserved 1099776K
  class space    used 7748K, capacity 8111K, committed 8112K, reserved 1048576K
}
Event: 27,943 GC heap before
{Heap before GC invocations=16 (full 3):
 PSYoungGen      total 178176K, used 4113K [0x00000000e0000000, 0x00000000f0f80000, 0x0000000100000000)
  eden space 161792K, 0% used [0x00000000e0000000,0x00000000e0000000,0x00000000e9e00000)
  from space 16384K, 25% used [0x00000000e9e00000,0x00000000ea204688,0x00000000eae00000)
  to   space 15872K, 0% used [0x00000000f0000000,0x00000000f0000000,0x00000000f0f80000)
 ParOldGen       total 52736K, used 28878K [0x00000000a0000000, 0x00000000a3380000, 0x00000000e0000000)
  object space 52736K, 54% used [0x00000000a0000000,0x00000000a1c33870,0x00000000a3380000)
 Metaspace       used 57547K, capacity 59076K, committed 59160K, reserved 1099776K
  class space    used 7748K, capacity 8111K, committed 8112K, reserved 1048576K
Event: 28,227 GC heap after
Heap after GC invocations=16 (full 3):
 PSYoungGen      total 178176K, used 0K [0x00000000e0000000, 0x00000000f0f80000, 0x0000000100000000)
  eden space 161792K, 0% used [0x00000000e0000000,0x00000000e0000000,0x00000000e9e00000)
  from space 16384K, 0% used [0x00000000e9e00000,0x00000000e9e00000,0x00000000eae00000)
  to   space 15872K, 0% used [0x00000000f0000000,0x00000000f0000000,0x00000000f0f80000)
 ParOldGen       total 70144K, used 26353K [0x00000000a0000000, 0x00000000a4480000, 0x00000000e0000000)
  object space 70144K, 37% used [0x00000000a0000000,0x00000000a19bc5a8,0x00000000a4480000)
 Metaspace       used 57547K, capacity 59076K, committed 59160K, reserved 1099776K
  class space    used 7748K, capacity 8111K, committed 8112K, reserved 1048576K
}
Event: 36,442 GC heap before
{Heap before GC invocations=17 (full 3):
 PSYoungGen      total 178176K, used 161792K [0x00000000e0000000, 0x00000000f0f80000, 0x0000000100000000)
  eden space 161792K, 100% used [0x00000000e0000000,0x00000000e9e00000,0x00000000e9e00000)
  from space 16384K, 0% used [0x00000000e9e00000,0x00000000e9e00000,0x00000000eae00000)
  to   space 15872K, 0% used [0x00000000f0000000,0x00000000f0000000,0x00000000f0f80000)
 ParOldGen       total 70144K, used 26353K [0x00000000a0000000, 0x00000000a4480000, 0x00000000e0000000)
  object space 70144K, 37% used [0x00000000a0000000,0x00000000a19bc5a8,0x00000000a4480000)
 Metaspace       used 63292K, capacity 65278K, committed 65576K, reserved 1105920K
  class space    used 8522K, capacity 8958K, committed 9008K, reserved 1048576K
Event: 36,478 GC heap after
Heap after GC invocations=17 (full 3):
 PSYoungGen      total 250880K, used 15860K [0x00000000e0000000, 0x00000000f0f80000, 0x0000000100000000)
  eden space 235008K, 0% used [0x00000000e0000000,0x00000000e0000000,0x00000000ee580000)
  from space 15872K, 99% used [0x00000000f0000000,0x00000000f0f7d208,0x00000000f0f80000)
  to   space 19456K, 0% used [0x00000000ee980000,0x00000000ee980000,0x00000000efc80000)
 ParOldGen       total 70144K, used 29755K [0x00000000a0000000, 0x00000000a4480000, 0x00000000e0000000)
  object space 70144K, 42% used [0x00000000a0000000,0x00000000a1d0ee08,0x00000000a4480000)
 Metaspace       used 63292K, capacity 65278K, committed 65576K, reserved 1105920K
  class space    used 8522K, capacity 8958K, committed 9008K, reserved 1048576K
}
Event: 77,066 GC heap before
{Heap before GC invocations=18 (full 3):
 PSYoungGen      total 250880K, used 249447K [0x00000000e0000000, 0x00000000f0f80000, 0x0000000100000000)
  eden space 235008K, 99% used [0x00000000e0000000,0x00000000ee41cde8,0x00000000ee580000)
  from space 15872K, 99% used [0x00000000f0000000,0x00000000f0f7d208,0x00000000f0f80000)
  to   space 19456K, 0% used [0x00000000ee980000,0x00000000ee980000,0x00000000efc80000)
 ParOldGen       total 70144K, used 29755K [0x00000000a0000000, 0x00000000a4480000, 0x00000000e0000000)
  object space 70144K, 42% used [0x00000000a0000000,0x00000000a1d0ee08,0x00000000a4480000)
 Metaspace       used 75493K, capacity 77658K, committed 77864K, reserved 1116160K
  class space    used 10034K, capacity 10540K, committed 10544K, reserved 1048576K
Event: 77,106 GC heap after
Heap after GC invocations=18 (full 3):
 PSYoungGen      total 258560K, used 14252K [0x00000000e0000000, 0x00000000f6e00000, 0x0000000100000000)
  eden space 239104K, 0% used [0x00000000e0000000,0x00000000e0000000,0x00000000ee980000)
  from space 19456K, 73% used [0x00000000ee980000,0x00000000ef76b128,0x00000000efc80000)
  to   space 20480K, 0% used [0x00000000f5a00000,0x00000000f5a00000,0x00000000f6e00000)
 ParOldGen       total 70144K, used 37109K [0x00000000a0000000, 0x00000000a4480000, 0x00000000e0000000)
  object space 70144K, 52% used [0x00000000a0000000,0x00000000a243d7a0,0x00000000a4480000)
 Metaspace       used 75493K, capacity 77658K, committed 77864K, reserved 1116160K
  class space    used 10034K, capacity 10540K, committed 10544K, reserved 1048576K
}
Event: 85,747 GC heap before
{Heap before GC invocations=19 (full 3):
 PSYoungGen      total 258560K, used 253356K [0x00000000e0000000, 0x00000000f6e00000, 0x0000000100000000)
  eden space 239104K, 100% used [0x00000000e0000000,0x00000000ee980000,0x00000000ee980000)
  from space 19456K, 73% used [0x00000000ee980000,0x00000000ef76b128,0x00000000efc80000)
  to   space 20480K, 0% used [0x00000000f5a00000,0x00000000f5a00000,0x00000000f6e00000)
 ParOldGen       total 70144K, used 37109K [0x00000000a0000000, 0x00000000a4480000, 0x00000000e0000000)
  object space 70144K, 52% used [0x00000000a0000000,0x00000000a243d7a0,0x00000000a4480000)
 Metaspace       used 79505K, capacity 81998K, committed 82216K, reserved 1120256K
  class space    used 10447K, capacity 10958K, committed 11056K, reserved 1048576K
Event: 85,782 GC heap after
Heap after GC invocations=19 (full 3):
 PSYoungGen      total 351232K, used 12480K [0x00000000e0000000, 0x00000000f6d00000, 0x0000000100000000)
  eden space 331776K, 0% used [0x00000000e0000000,0x00000000e0000000,0x00000000f4400000)
  from space 19456K, 64% used [0x00000000f5a00000,0x00000000f6630228,0x00000000f6d00000)
  to   space 20992K, 0% used [0x00000000f4400000,0x00000000f4400000,0x00000000f5880000)
 ParOldGen       total 70144K, used 43790K [0x00000000a0000000, 0x00000000a4480000, 0x00000000e0000000)
  object space 70144K, 62% used [0x00000000a0000000,0x00000000a2ac3920,0x00000000a4480000)
 Metaspace       used 79505K, capacity 81998K, committed 82216K, reserved 1120256K
  class space    used 10447K, capacity 10958K, committed 11056K, reserved 1048576K
}
Event: 94,763 GC heap before
{Heap before GC invocations=20 (full 3):
 PSYoungGen      total 351232K, used 344168K [0x00000000e0000000, 0x00000000f6d00000, 0x0000000100000000)
  eden space 331776K, 99% used [0x00000000e0000000,0x00000000f43ea1b8,0x00000000f4400000)
  from space 19456K, 64% used [0x00000000f5a00000,0x00000000f6630228,0x00000000f6d00000)
  to   space 20992K, 0% used [0x00000000f4400000,0x00000000f4400000,0x00000000f5880000)
 ParOldGen       total 70144K, used 43790K [0x00000000a0000000, 0x00000000a4480000, 0x00000000e0000000)
  object space 70144K, 62% used [0x00000000a0000000,0x00000000a2ac3920,0x00000000a4480000)
 Metaspace       used 88620K, capacity 92068K, committed 92200K, reserved 1128448K
  class space    used 11590K, capacity 12245K, committed 12336K, reserved 1048576K

